=== 2D Static Friction Contact Solver ===

Generating demo scene with 25 bricks...
  Bodies: 25
  Gravity: 9.81 m/s²
  Friction coefficient μ: 0.5
  Regularization ε: 0.001

Detecting contacts...
  Found 84 contacts

Solving for contact forces (QP formulation)...
  Solver failed: Problem does not follow DCP rules. Specifically:
The following constraints are not DCP:
0.0 @ var1[0] + -0.5 @ var1[0] @ var2[0] / 0.001 + 0.0 @ var1[1] + -0.5 @ var1[1] @ var2[1] / 0.001 + 0.9787665595628164 @ var1[14] + 0.10248905049024461 @ var1[14] @ var2[14] / 0.001 + -0.8424064362191684 @ var1[15] + 0.2694213225677026 @ var1[15] @ var2[15] / 0.001 == 0.0 , because the following subexpressions are not:
|--  -0.5 @ var1[0] @ var2[0]
|--  -0.5 @ var1[1] @ var2[1]
|--  0.10248905049024461 @ var1[14] @ var2[14]
|--  0.2694213225677026 @ var1[15] @ var2[15]
-10.003567945994586 + 1.0 @ var1[0] + -0.0 @ var1[0] @ var2[0] / 0.001 + 1.0 @ var1[1] + -0.0 @ var1[1] @ var2[1] / 0.001 + 0.20497810098048921 @ var1[14] + -0.4893832797814082 @ var1[14] @ var2[14] / 0.001 + 0.5388426451354053 @ var1[15] + 0.4212032181095842 @ var1[15] @ var2[15] / 0.001 == 0.0 , because the following subexpressions are not:
|--  -0.0 @ var1[0] @ var2[0]
|--  -0.0 @ var1[1] @ var2[1]
|--  -0.4893832797814082 @ var1[14] @ var2[14]
|--  0.4212032181095842 @ var1[15] @ var2[15]
-0.4940661247607556 @ var1[0] + -0.12950714306409916 @ var1[0] @ var2[0] / 0.001 + 0.5056647813635098 @ var1[1] + -0.12950714306409916 @ var1[1] @ var2[1] / 0.001 + 0.3369236242669443 @ var1[14] + -0.21666142356284188 @ var1[14] @ var2[14] / 0.001 + 0.4865396179631166 @ var1[15] + 0.14022956016703064 @ var1[15] @ var2[15] / 0.001 == 0.0 , because the following subexpressions are not:
|--  -0.12950714306409916 @ var1[0] @ var2[0]
|--  -0.12950714306409916 @ var1[1] @ var2[1]
|--  -0.21666142356284188 @ var1[14] @ var2[14]
|--  0.14022956016703064 @ var1[15] @ var2[15]
0.0 @ var1[2] + -0.5 @ var1[2] @ var2[2] / 0.001 + 0.0 @ var1[3] + -0.5 @ var1[3] @ var2[3] / 0.001 + -0.9787665595628164 @ var1[14] + -0.10248905049024461 @ var1[14] @ var2[14] / 0.001 + 0.8424064362191684 @ var1[15] + -0.2694213225677026 @ var1[15] @ var2[15] / 0.001 == 0.0 , because the following subexpressions are not:
|--  -0.5 @ var1[2] @ var2[2]
|--  -0.5 @ var1[3] @ var2[3]
|--  -0.10248905049024461 @ var1[14] @ var2[14]
|--  -0.2694213225677026 @ var1[15] @ var2[15]
-10.528437598010422 + 1.0 @ var1[2] + -0.0 @ var1[2] @ var2[2] / 0.001 + 1.0 @ var1[3] + -0.0 @ var1[3] @ var2[3] / 0.001 + -0.20497810098048921 @ var1[14] + 0.4893832797814082 @ var1[14] @ var2[14] / 0.001 + -0.5388426451354053 @ var1[15] + -0.4212032181095842 @ var1[15] @ var2[15] / 0.001 == 0.0 , because the following subexpressions are not:
|--  -0.0 @ var1[2] @ var2[2]
|--  -0.0 @ var1[3] @ var2[3]
|--  0.4893832797814082 @ var1[14] @ var2[14]
|--  -0.4212032181095842 @ var1[15] @ var2[15]
-0.5105561683495687 @ var1[2] + -0.12155994520336202 @ var1[2] @ var2[2] / 0.001 + 0.488467540080169 @ var1[3] + -0.12155994520336202 @ var1[3] @ var2[3] / 0.001 + -0.11818030497649341 @ var1[14] + -0.2668152243807767 @ var1[14] @ var2[14] / 0.001 + 0.03420353825899983 @ var1[15] + 0.28157426906203875 @ var1[15] @ var2[15] / 0.001 == 0.0 , because the following subexpressions are not:
|--  -0.12155994520336202 @ var1[2] @ var2[2]
|--  -0.12155994520336202 @ var1[3] @ var2[3]
|--  -0.2668152243807767 @ var1[14] @ var2[14]
|--  0.28157426906203875 @ var1[15] @ var2[15]
0.0 @ var1[4] + -0.5 @ var1[4] @ var2[4] / 0.001 + 0.0 @ var1[5] + -0.5 @ var1[5] @ var2[5] / 0.001 + -0.4279944203100363 @ var1[16] + -0.45189068816016664 @ var1[16] @ var2[16] / 0.001 + -0.19706006722105351 @ var1[17] + -0.4901957083417892 @ var1[17] @ var2[17] / 0.001 == 0.0 , because the following subexpressions are not:
|--  -0.5 @ var1[4] @ var2[4]
|--  -0.5 @ var1[5] @ var2[5]
|--  -0.45189068816016664 @ var1[16] @ var2[16]
|--  -0.4901957083417892 @ var1[17] @ var2[17]
-10.731963129941832 + 1.0 @ var1[4] + -0.0 @ var1[4] @ var2[4] / 0.001 + 1.0 @ var1[5] + -0.0 @ var1[5] @ var2[5] / 0.001 + -0.9037813763203333 @ var1[16] + 0.21399721015501816 @ var1[16] @ var2[16] / 0.001 + -0.9803914166835784 @ var1[17] + 0.09853003361052676 @ var1[17] @ var2[17] / 0.001 == 0.0 , because the following subexpressions are not:
|--  -0.0 @ var1[4] @ var2[4]
|--  -0.0 @ var1[5] @ var2[5]
|--  0.21399721015501816 @ var1[16] @ var2[16]
|--  0.09853003361052676 @ var1[17] @ var2[17]
-0.5114063089612475 @ var1[4] + -0.12708072577796045 @ var1[4] @ var2[4] / 0.001 + 0.48744471499496833 @ var1[5] + -0.12708072577796045 @ var1[5] @ var2[5] / 0.001 + -0.5576745501610839 @ var1[16] + -0.011118072256990297 @ var1[16] @ var2[16] / 0.001 + -0.45689181657999817 @ var1[17] + 0.16873013156895875 @ var1[17] @ var2[17] / 0.001 == 0.0 , because the following subexpressions are not:
|--  -0.12708072577796045 @ var1[4] @ var2[4]
|--  -0.12708072577796045 @ var1[5] @ var2[5]
|--  -0.011118072256990297 @ var1[16] @ var2[16]
|--  0.16873013156895875 @ var1[17] @ var2[17]
0.0 @ var1[6] + -0.5 @ var1[6] @ var2[6] / 0.001 + 0.0 @ var1[7] + -0.5 @ var1[7] @ var2[7] / 0.001 + 0.4279944203100363 @ var1[16] + 0.45189068816016664 @ var1[16] @ var2[16] / 0.001 + 0.19706006722105351 @ var1[17] + 0.4901957083417892 @ var1[17] @ var2[17] / 0.001 + 0.4981065726272082 @ var1[18] + -0.43355790913832254 @ var1[18] @ var2[18] / 0.001 + 0.7260870884198141 @ var1[19] + -0.34380137435372377 @ var1[19] @ var2[19] / 0.001 == 0.0 , because the following subexpressions are not:
|--  -0.5 @ var1[6] @ var2[6]
|--  -0.5 @ var1[7] @ var2[7]
|--  0.45189068816016664 @ var1[16] @ var2[16]
|--  0.4901957083417892 @ var1[17] @ var2[17]
|--  -0.43355790913832254 @ var1[18] @ var2[18]
|--  -0.34380137435372377 @ var1[19] @ var2[19]
-9.188839648332438 + 1.0 @ var1[6] + -0.0 @ var1[6] @ var2[6] / 0.001 + 1.0 @ var1[7] + -0.0 @ var1[7] @ var2[7] / 0.001 + 0.9037813763203333 @ var1[16] + -0.21399721015501816 @ var1[16] @ var2[16] / 0.001 + 0.9803914166835784 @ var1[17] + -0.09853003361052676 @ var1[17] @ var2[17] / 0.001 + -0.8671158182766451 @ var1[18] + -0.2490532863136041 @ var1[18] @ var2[18] / 0.001 + -0.6876027487074475 @ var1[19] + -0.36304354420990703 @ var1[19] @ var2[19] / 0.001 == 0.0 , because the following subexpressions are not:
|--  -0.0 @ var1[6] @ var2[6]
|--  -0.0 @ var1[7] @ var2[7]
|--  -0.21399721015501816 @ var1[16] @ var2[16]
|--  -0.09853003361052676 @ var1[17] @ var2[17]
|--  -0.2490532863136041 @ var1[18] @ var2[18]
|--  -0.36304354420990703 @ var1[19] @ var2[19]
-0.5076999667528252 @ var1[6] + -0.12212339110678276 @ var1[6] @ var2[6] / 0.001 + 0.49179389919075495 @ var1[7] + -0.12212339110678276 @ var1[7] @ var2[7] / 0.001 + -0.35871303343580635 @ var1[16] + 0.2226150743500117 @ var1[16] @ var2[16] / 0.001 + -0.5345250503894375 @ var1[17] + -0.07414851755704047 @ var1[17] @ var2[17] / 0.001 + -0.294055736541165 @ var1[18] + -0.23038008557692644 @ var1[18] @ var2[18] / 0.001 + -0.5189766001276794 @ var1[19] + -0.09454286605235755 @ var1[19] @ var2[19] / 0.001 == 0.0 , because the following subexpressions are not:
|--  -0.12212339110678276 @ var1[6] @ var2[6]
|--  -0.12212339110678276 @ var1[7] @ var2[7]
|--  0.2226150743500117 @ var1[16] @ var2[16]
|--  -0.07414851755704047 @ var1[17] @ var2[17]
|--  -0.23038008557692644 @ var1[18] @ var2[18]
|--  -0.09454286605235755 @ var1[19] @ var2[19]
0.0 @ var1[8] + -0.5 @ var1[8] @ var2[8] / 0.001 + 0.0 @ var1[9] + -0.5 @ var1[9] @ var2[9] / 0.001 + -0.4981065726272082 @ var1[18] + 0.43355790913832254 @ var1[18] @ var2[18] / 0.001 + -0.7260870884198141 @ var1[19] + 0.34380137435372377 @ var1[19] @ var2[19] / 0.001 + -0.8240950177045403 @ var1[20] + -0.28322579410893767 @ var1[20] @ var2[20] / 0.001 + -0.9349358684521804 @ var1[21] + -0.17740837204143398 @ var1[21] @ var2[21] / 0.001 == 0.0 , because the following subexpressions are not:
|--  -0.5 @ var1[8] @ var2[8]
|--  -0.5 @ var1[9] @ var2[9]
|--  0.43355790913832254 @ var1[18] @ var2[18]
|--  0.34380137435372377 @ var1[19] @ var2[19]
|--  -0.28322579410893767 @ var1[20] @ var2[20]
|--  -0.17740837204143398 @ var1[21] @ var2[21]
-9.400391573068559 + 1.0 @ var1[8] + -0.0 @ var1[8] @ var2[8] / 0.001 + 1.0 @ var1[9] + -0.0 @ var1[9] @ var2[9] / 0.001 + 0.8671158182766451 @ var1[18] + 0.2490532863136041 @ var1[18] @ var2[18] / 0.001 + 0.6876027487074475 @ var1[19] + 0.36304354420990703 @ var1[19] @ var2[19] / 0.001 + -0.5664515882178753 @ var1[20] + 0.41204750885227015 @ var1[20] @ var2[20] / 0.001 + -0.35481674408286795 @ var1[21] + 0.4674679342260902 @ var1[21] @ var2[21] / 0.001 == 0.0 , because the following subexpressions are not:
|--  -0.0 @ var1[8] @ var2[8]
|--  -0.0 @ var1[9] @ var2[9]
|--  0.2490532863136041 @ var1[18] @ var2[18]
|--  0.36304354420990703 @ var1[19] @ var2[19]
|--  0.41204750885227015 @ var1[20] @ var2[20]
|--  0.4674679342260902 @ var1[21] @ var2[21]
-0.5016897827443089 @ var1[8] + -0.1252475643163224 @ var1[8] @ var2[8] / 0.001 + 0.49828705994263045 @ var1[9] + -0.1252475643163224 @ var1[9] @ var2[9] / 0.001 + -0.5578519873473613 @ var1[18] + -0.010702178931072712 @ var1[18] @ var2[18] / 0.001 + -0.15863531042168535 @ var1[19] + -0.25868209829182237 @ var1[19] @ var2[19] / 0.001 + -0.4910786468699675 @ var1[20] + 0.13625823283488972 @ var1[20] @ var2[20] / 0.001 + 0.05253929161172938 @ var1[21] + 0.2825278985945756 @ var1[21] @ var2[21] / 0.001 == 0.0 , because the following subexpressions are not:
|--  -0.1252475643163224 @ var1[8] @ var2[8]
|--  -0.1252475643163224 @ var1[9] @ var2[9]
|--  -0.010702178931072712 @ var1[18] @ var2[18]
|--  -0.25868209829182237 @ var1[19] @ var2[19]
|--  0.13625823283488972 @ var1[20] @ var2[20]
|--  0.2825278985945756 @ var1[21] @ var2[21]
0.0 @ var1[10] + -0.5 @ var1[10] @ var2[10] / 0.001 + 0.0 @ var1[11] + -0.5 @ var1[11] @ var2[11] / 0.001 + 0.8240950177045403 @ var1[20] + 0.28322579410893767 @ var1[20] @ var2[20] / 0.001 + 0.9349358684521804 @ var1[21] + 0.17740837204143398 @ var1[21] @ var2[21] / 0.001 + 0.2091612673045715 @ var1[22] + -0.4889405803008034 @ var1[22] @ var2[22] / 0.001 + 0.09333693828059751 @ var1[23] + -0.4978172897641272 @ var1[23] @ var2[23] / 0.001 == 0.0 , because the following subexpressions are not:
|--  -0.5 @ var1[10] @ var2[10]
|--  -0.5 @ var1[11] @ var2[11]
|--  0.28322579410893767 @ var1[20] @ var2[20]
|--  0.17740837204143398 @ var1[21] @ var2[21]
|--  -0.4889405803008034 @ var1[22] @ var2[22]
|--  -0.4978172897641272 @ var1[23] @ var2[23]
-9.547801936542223 + 1.0 @ var1[10] + -0.0 @ var1[10] @ var2[10] / 0.001 + 1.0 @ var1[11] + -0.0 @ var1[11] @ var2[11] / 0.001 + 0.5664515882178753 @ var1[20] + -0.41204750885227015 @ var1[20] @ var2[20] / 0.001 + 0.35481674408286795 @ var1[21] + -0.4674679342260902 @ var1[21] @ var2[21] / 0.001 + -0.9778811606016068 @ var1[22] + -0.10458063365228575 @ var1[22] @ var2[22] / 0.001 + -0.9956345795282544 @ var1[23] + -0.046668469140298756 @ var1[23] @ var2[23] / 0.001 == 0.0 , because the following subexpressions are not:
|--  -0.0 @ var1[10] @ var2[10]
|--  -0.0 @ var1[11] @ var2[11]
|--  -0.41204750885227015 @ var1[20] @ var2[20]
|--  -0.4674679342260902 @ var1[21] @ var2[21]
|--  -0.10458063365228575 @ var1[22] @ var2[22]
|--  -0.046668469140298756 @ var1[23] @ var2[23]
-0.5050880038925563 @ var1[10] + -0.12139493860652043 @ var1[10] @ var2[10] / 0.001 + 0.49469598464905395 @ var1[11] + -0.12139493860652043 @ var1[11] @ var2[11] / 0.001 + -0.08869266234271614 @ var1[20] + 0.2786769581754661 @ var1[20] @ var2[20] / 0.001 + -0.4189257680183751 @ var1[21] + 0.1893249841580133 @ var1[21] @ var2[21] / 0.001 + -0.42930125418020154 @ var1[22] + -0.16921380629422172 @ var1[22] @ var2[22] / 0.001 + -0.5252423172296985 @ var1[23] + 0.10528961286623433 @ var1[23] @ var2[23] / 0.001 == 0.0 , because the following subexpressions are not:
|--  -0.12139493860652043 @ var1[10] @ var2[10]
|--  -0.12139493860652043 @ var1[11] @ var2[11]
|--  0.2786769581754661 @ var1[20] @ var2[20]
|--  0.1893249841580133 @ var1[21] @ var2[21]
|--  -0.16921380629422172 @ var1[22] @ var2[22]
|--  0.10528961286623433 @ var1[23] @ var2[23]
0.0 @ var1[12] + -0.5 @ var1[12] @ var2[12] / 0.001 + 0.0 @ var1[13] + -0.5 @ var1[13] @ var2[13] / 0.001 + -0.2091612673045715 @ var1[22] + 0.4889405803008034 @ var1[22] @ var2[22] / 0.001 + -0.09333693828059751 @ var1[23] + 0.4978172897641272 @ var1[23] @ var2[23] / 0.001 == 0.0 , because the following subexpressions are not:
|--  -0.5 @ var1[12] @ var2[12]
|--  -0.5 @ var1[13] @ var2[13]
|--  0.4889405803008034 @ var1[22] @ var2[22]
|--  0.4978172897641272 @ var1[23] @ var2[23]
-9.837927968167506 + 1.0 @ var1[12] + -0.0 @ var1[12] @ var2[12] / 0.001 + 1.0 @ var1[13] + -0.0 @ var1[13] @ var2[13] / 0.001 + 0.9778811606016068 @ var1[22] + 0.10458063365228575 @ var1[22] @ var2[22] / 0.001 + 0.9956345795282544 @ var1[23] + 0.046668469140298756 @ var1[23] @ var2[23] / 0.001 == 0.0 , because the following subexpressions are not:
|--  -0.0 @ var1[12] @ var2[12]
|--  -0.0 @ var1[13] @ var2[13]
|--  0.10458063365228575 @ var1[22] @ var2[22]
|--  0.046668469140298756 @ var1[23] @ var2[23]
-0.5072815541781996 @ var1[12] + -0.12785175961393014 @ var1[12] @ var2[12] / 0.001 + 0.4922675005322037 @ var1[13] + -0.12785175961393014 @ var1[13] @ var2[13] / 0.001 + -0.545187453217668 @ var1[22] + 0.07159885128217247 @ var1[22] @ var2[22] / 0.001 + -0.4653934680023239 @ var1[23] + -0.14523864173967135 @ var1[23] @ var2[23] / 0.001 == 0.0 , because the following subexpressions are not:
|--  -0.12785175961393014 @ var1[12] @ var2[12]
|--  -0.12785175961393014 @ var1[13] @ var2[13]
|--  0.07159885128217247 @ var1[22] @ var2[22]
|--  -0.14523864173967135 @ var1[23] @ var2[23]
0.7456265563274889 @ var1[24] + 0.33318202176108264 @ var1[24] @ var2[24] / 0.001 + 0.938341634376615 @ var1[25] + 0.17285469128390987 @ var1[25] @ var2[25] / 0.001 + -0.7219790979659755 @ var1[26] + 0.3459574331114439 @ var1[26] @ var2[26] / 0.001 == 0.0 , because the following subexpressions are not:
|--  0.33318202176108264 @ var1[24] @ var2[24]
|--  0.17285469128390987 @ var1[25] @ var2[25]
|--  0.3459574331114439 @ var1[26] @ var2[26]
-9.163568330674465 + 0.6663640435221653 @ var1[24] + -0.37281327816374443 @ var1[24] @ var2[24] / 0.001 + 0.34570938256781975 @ var1[25] + -0.4691708171883075 @ var1[25] @ var2[25] / 0.001 + 0.6919148662228878 @ var1[26] + 0.36098954898298774 @ var1[26] @ var2[26] / 0.001 == 0.0 , because the following subexpressions are not:
|--  -0.37281327816374443 @ var1[24] @ var2[24]
|--  -0.4691708171883075 @ var1[25] @ var2[25]
|--  0.36098954898298774 @ var1[26] @ var2[26]
0.5173408420247013 @ var1[24] + -0.10201789103397459 @ var1[24] @ var2[24] / 0.001 + -0.067702204523761 @ var1[25] + -0.2695990124609285 @ var1[25] @ var2[25] / 0.001 + 0.5284436841780015 @ var1[26] + 0.09777333958916636 @ var1[26] @ var2[26] / 0.001 == 0.0 , because the following subexpressions are not:
|--  -0.10201789103397459 @ var1[24] @ var2[24]
|--  -0.2695990124609285 @ var1[25] @ var2[25]
|--  0.09777333958916636 @ var1[26] @ var2[26]
-0.7456265563274889 @ var1[24] + -0.33318202176108264 @ var1[24] @ var2[24] / 0.001 + -0.938341634376615 @ var1[25] + -0.17285469128390987 @ var1[25] @ var2[25] / 0.001 + -0.06377077734617133 @ var1[27] + 0.49898228624788504 @ var1[27] @ var2[27] / 0.001 + -0.9885192206583312 @ var1[28] + 0.07554758498629455 @ var1[28] @ var2[28] / 0.001 + -0.05650222773647887 @ var1[29] + 0.4992012365421421 @ var1[29] @ var2[29] / 0.001 == 0.0 , because the following subexpressions are not:
|--  -0.33318202176108264 @ var1[24] @ var2[24]
|--  -0.17285469128390987 @ var1[25] @ var2[25]
|--  0.49898228624788504 @ var1[27] @ var2[27]
|--  0.07554758498629455 @ var1[28] @ var2[28]
|--  0.4992012365421421 @ var1[29] @ var2[29]
-10.415075597004497 + -0.6663640435221653 @ var1[24] + 0.37281327816374443 @ var1[24] @ var2[24] / 0.001 + -0.34570938256781975 @ var1[25] + 0.4691708171883075 @ var1[25] @ var2[25] / 0.001 + 0.9979645724957701 @ var1[27] + 0.031885388673085664 @ var1[27] @ var2[27] / 0.001 + 0.1510951699725891 @ var1[28] + 0.4942596103291656 @ var1[28] @ var2[28] / 0.001 + 0.9984024730842842 @ var1[29] + 0.028251113868239437 @ var1[29] @ var2[29] / 0.001 == 0.0 , because the following subexpressions are not:
|--  0.37281327816374443 @ var1[24] @ var2[24]
|--  0.4691708171883075 @ var1[25] @ var2[25]
|--  0.031885388673085664 @ var1[27] @ var2[27]
|--  0.4942596103291656 @ var1[28] @ var2[28]
|--  0.028251113868239437 @ var1[29] @ var2[29]
0.12150898061280396 @ var1[24] + -0.26894457352302237 @ var1[24] @ var2[24] / 0.001 + 0.38918316494693195 @ var1[25] + -0.19279467489060004 @ var1[25] @ var2[25] / 0.001 + 0.495613098507928 @ var1[27] + 0.14175354922013678 @ var1[27] @ var2[27] / 0.001 + 0.1466320187881173 @ var1[28] + -0.2574446968148442 @ var1[28] @ var2[28] / 0.001 + 0.5024673959306811 @ var1[29] + -0.11246776798375004 @ var1[29] @ var2[29] / 0.001 == 0.0 , because the following subexpressions are not:
|--  -0.26894457352302237 @ var1[24] @ var2[24]
|--  -0.19279467489060004 @ var1[25] @ var2[25]
|--  0.14175354922013678 @ var1[27] @ var2[27]
|--  -0.2574446968148442 @ var1[28] @ var2[28]
|--  -0.11246776798375004 @ var1[29] @ var2[29]
0.06377077734617133 @ var1[27] + -0.49898228624788504 @ var1[27] @ var2[27] / 0.001 + 0.7176468198449402 @ var1[30] + -0.3482036192971162 @ var1[30] @ var2[30] / 0.001 + -0.40206995304907517 @ var1[31] + -0.4578044759652079 @ var1[31] @ var2[31] / 0.001 + -0.9877756361518804 @ var1[32] + -0.077941151878754 @ var1[32] @ var2[32] / 0.001 + 0.8517813909199016 @ var1[33] + -0.2619486887171597 @ var1[33] @ var2[33] / 0.001 + -0.3319979008780274 @ var1[34] + 0.4716400623920172 @ var1[34] @ var2[34] / 0.001 == 0.0 , because the following subexpressions are not:
|--  -0.49898228624788504 @ var1[27] @ var2[27]
|--  -0.3482036192971162 @ var1[30] @ var2[30]
|--  -0.4578044759652079 @ var1[31] @ var2[31]
|--  -0.077941151878754 @ var1[32] @ var2[32]
|--  -0.2619486887171597 @ var1[33] @ var2[33]
|--  0.4716400623920172 @ var1[34] @ var2[34]
-9.692579192717098 + -0.9979645724957701 @ var1[27] + -0.031885388673085664 @ var1[27] @ var2[27] / 0.001 + -0.6964072385942324 @ var1[30] + -0.3588234099224701 @ var1[30] @ var2[30] / 0.001 + -0.9156089519304158 @ var1[31] + 0.20103497652453758 @ var1[31] @ var2[31] / 0.001 + -0.155882303757508 @ var1[32] + 0.4938878180759402 @ var1[32] @ var2[32] / 0.001 + -0.5238973774343194 @ var1[33] + -0.4258906954599508 @ var1[33] @ var2[33] / 0.001 + 0.9432801247840344 @ var1[34] + 0.1659989504390137 @ var1[34] @ var2[34] / 0.001 == 0.0 , because the following subexpressions are not:
|--  -0.031885388673085664 @ var1[27] @ var2[27]
|--  -0.3588234099224701 @ var1[30] @ var2[30]
|--  0.20103497652453758 @ var1[31] @ var2[31]
|--  0.4938878180759402 @ var1[32] @ var2[32]
|--  -0.4258906954599508 @ var1[33] @ var2[33]
|--  0.1659989504390137 @ var1[34] @ var2[34]
0.5108288057439111 @ var1[27] + -0.10106781082275297 @ var1[27] @ var2[27] / 0.001 + -0.17858095683752007 @ var1[30] + -0.25687891832514326 @ var1[30] @ var2[30] / 0.001 + -0.3493059392353954 @ var1[31] + 0.22417071801614116 @ var1[31] @ var2[31] / 0.001 + 0.3164493226180439 @ var1[32] + -0.2222276181833225 @ var1[32] @ var2[32] / 0.001 + 0.05925373772181228 @ var1[33] + 0.28232838293848755 @ var1[33] @ var2[33] / 0.001 + 0.5532591507943343 @ var1[34] + -0.027558528095711826 @ var1[34] @ var2[34] / 0.001 == 0.0 , because the following subexpressions are not:
|--  -0.10106781082275297 @ var1[27] @ var2[27]
|--  -0.25687891832514326 @ var1[30] @ var2[30]
|--  0.22417071801614116 @ var1[31] @ var2[31]
|--  -0.2222276181833225 @ var1[32] @ var2[32]
|--  0.28232838293848755 @ var1[33] @ var2[33]
|--  -0.027558528095711826 @ var1[34] @ var2[34]
-0.7176468198449402 @ var1[30] + 0.3482036192971162 @ var1[30] @ var2[30] / 0.001 + 0.40206995304907517 @ var1[31] + 0.4578044759652079 @ var1[31] @ var2[31] / 0.001 + -0.34194793021832354 @ var1[35] + -0.4698594505326578 @ var1[35] @ var2[35] / 0.001 + 0.022855574625307493 @ var1[36] + -0.4998693886178036 @ var1[36] @ var2[36] / 0.001 + -0.5772334699667827 @ var1[37] + -0.4082895789602361 @ var1[37] @ var2[37] / 0.001 + 0.6054136228364745 @ var1[38] + -0.3979555079666617 @ var1[38] @ var2[38] / 0.001 == 0.0 , because the following subexpressions are not:
|--  0.3482036192971162 @ var1[30] @ var2[30]
|--  0.4578044759652079 @ var1[31] @ var2[31]
|--  -0.4698594505326578 @ var1[35] @ var2[35]
|--  -0.4998693886178036 @ var1[36] @ var2[36]
|--  -0.4082895789602361 @ var1[37] @ var2[37]
|--  -0.3979555079666617 @ var1[38] @ var2[38]
-10.613086628878571 + 0.6964072385942324 @ var1[30] + 0.3588234099224701 @ var1[30] @ var2[30] / 0.001 + 0.9156089519304158 @ var1[31] + -0.20103497652453758 @ var1[31] @ var2[31] / 0.001 + -0.9397189010653156 @ var1[35] + 0.17097396510916177 @ var1[35] @ var2[35] / 0.001 + -0.9997387772356072 @ var1[36] + -0.011427787312653747 @ var1[36] @ var2[36] / 0.001 + -0.8165791579204722 @ var1[37] + 0.28861673498339135 @ var1[37] @ var2[37] / 0.001 + -0.7959110159333234 @ var1[38] + -0.30270681141823724 @ var1[38] @ var2[38] / 0.001 == 0.0 , because the following subexpressions are not:
|--  0.3588234099224701 @ var1[30] @ var2[30]
|--  -0.20103497652453758 @ var1[31] @ var2[31]
|--  0.17097396510916177 @ var1[35] @ var2[35]
|--  -0.011427787312653747 @ var1[36] @ var2[36]
|--  0.28861673498339135 @ var1[37] @ var2[37]
|--  -0.30270681141823724 @ var1[38] @ var2[38]
-0.5184457658648023 @ var1[30] + -0.09655574439164506 @ var1[30] @ var2[30] / 0.001 + -0.5564198062554975 @ var1[31] + -0.02096431472442263 @ var1[31] @ var2[31] / 0.001 + -0.5517677850686671 @ var1[35] + -0.03534152690526879 @ var1[35] @ var2[35] / 0.001 + -0.5161364872926186 @ var1[36] + 0.11642545902285255 @ var1[36] @ var2[36] / 0.001 + -0.286630368455756 @ var1[37] + 0.2432264529482138 @ var1[37] @ var2[37] / 0.001 + -0.5438855876486254 @ var1[38] + -0.05906223329563491 @ var1[38] @ var2[38] / 0.001 == 0.0 , because the following subexpressions are not:
|--  -0.09655574439164506 @ var1[30] @ var2[30]
|--  -0.02096431472442263 @ var1[31] @ var2[31]
|--  -0.03534152690526879 @ var1[35] @ var2[35]
|--  0.11642545902285255 @ var1[36] @ var2[36]
|--  0.2432264529482138 @ var1[37] @ var2[37]
|--  -0.05906223329563491 @ var1[38] @ var2[38]
0.34194793021832354 @ var1[35] + 0.4698594505326578 @ var1[35] @ var2[35] / 0.001 + -0.022855574625307493 @ var1[36] + 0.4998693886178036 @ var1[36] @ var2[36] / 0.001 + -0.774230505199089 @ var1[39] + 0.31645186238161227 @ var1[39] @ var2[39] / 0.001 + 0.17690471397681828 @ var1[40] + 0.4921139914117409 @ var1[40] @ var2[40] / 0.001 + -0.3097341540182674 @ var1[41] + 0.47541159899464697 @ var1[41] @ var2[41] / 0.001 + 0.34261922889895724 @ var1[42] + 0.4697371775761112 @ var1[42] @ var2[42] / 0.001 + 0.55855363750475 @ var1[43] + 0.41473420223988405 @ var1[43] @ var2[43] / 0.001 == 0.0 , because the following subexpressions are not:
|--  0.4698594505326578 @ var1[35] @ var2[35]
|--  0.4998693886178036 @ var1[36] @ var2[36]
|--  0.31645186238161227 @ var1[39] @ var2[39]
|--  0.4921139914117409 @ var1[40] @ var2[40]
|--  0.47541159899464697 @ var1[41] @ var2[41]
|--  0.4697371775761112 @ var1[42] @ var2[42]
|--  0.41473420223988405 @ var1[43] @ var2[43]
-9.849373457550865 + 0.9397189010653156 @ var1[35] + -0.17097396510916177 @ var1[35] @ var2[35] / 0.001 + 0.9997387772356072 @ var1[36] + 0.011427787312653747 @ var1[36] @ var2[36] / 0.001 + 0.6329037247632245 @ var1[39] + 0.3871152525995445 @ var1[39] @ var2[39] / 0.001 + 0.9842279828234818 @ var1[40] + -0.08845235698840914 @ var1[40] @ var2[40] / 0.001 + 0.9508231979892939 @ var1[41] + 0.1548670770091337 @ var1[41] @ var2[41] / 0.001 + 0.9394743551522224 @ var1[42] + -0.17130961444947862 @ var1[42] @ var2[42] / 0.001 + 0.8294684044797681 @ var1[43] + -0.279276818752375 @ var1[43] @ var2[43] / 0.001 == 0.0 , because the following subexpressions are not:
|--  -0.17097396510916177 @ var1[35] @ var2[35]
|--  0.011427787312653747 @ var1[36] @ var2[36]
|--  0.3871152525995445 @ var1[39] @ var2[39]
|--  -0.08845235698840914 @ var1[40] @ var2[40]
|--  0.1548670770091337 @ var1[41] @ var2[41]
|--  -0.17130961444947862 @ var1[42] @ var2[42]
|--  -0.279276818752375 @ var1[43] @ var2[43]
-0.3919466000691938 @ var1[35] + 0.20882323927179564 @ var1[35] @ var2[35] / 0.001 + -0.48914702650469843 @ var1[36] + -0.12624273596123906 @ var1[36] @ var2[36] / 0.001 + 0.11260488829893808 @ var1[39] + 0.2830139086823213 @ var1[39] @ var2[39] / 0.001 + 0.4541064895104214 @ var1[40] + -0.1569528140653232 @ var1[40] @ var2[40] / 0.001 + -0.39051623985819717 @ var1[41] + -0.19326083297742586 @ var1[41] @ var2[41] / 0.001 + 0.3916617223324505 @ var1[42] + -0.18993018894478775 @ var1[42] @ var2[42] / 0.001 + -0.5556282447703687 @ var1[43] + 0.036352264791726555 @ var1[43] @ var2[43] / 0.001 == 0.0 , because the following subexpressions are not:
|--  0.20882323927179564 @ var1[35] @ var2[35]
|--  -0.12624273596123906 @ var1[36] @ var2[36]
|--  0.2830139086823213 @ var1[39] @ var2[39]
|--  -0.1569528140653232 @ var1[40] @ var2[40]
|--  -0.19326083297742586 @ var1[41] @ var2[41]
|--  -0.18993018894478775 @ var1[42] @ var2[42]
|--  0.036352264791726555 @ var1[43] @ var2[43]
0.774230505199089 @ var1[39] + -0.31645186238161227 @ var1[39] @ var2[39] / 0.001 + -0.17690471397681828 @ var1[40] + -0.4921139914117409 @ var1[40] @ var2[40] / 0.001 + 0.5925947379192841 @ var1[44] + 0.40275038069205316 @ var1[44] @ var2[44] / 0.001 == 0.0 , because the following subexpressions are not:
|--  -0.31645186238161227 @ var1[39] @ var2[39]
|--  -0.4921139914117409 @ var1[40] @ var2[40]
|--  0.40275038069205316 @ var1[44] @ var2[44]
-10.349810599434509 + -0.6329037247632245 @ var1[39] + -0.3871152525995445 @ var1[39] @ var2[39] / 0.001 + -0.9842279828234818 @ var1[40] + 0.08845235698840914 @ var1[40] @ var2[40] / 0.001 + 0.8055007613841063 @ var1[44] + -0.29629736895964204 @ var1[44] @ var2[44] / 0.001 == 0.0 , because the following subexpressions are not:
|--  -0.3871152525995445 @ var1[39] @ var2[39]
|--  0.08845235698840914 @ var1[40] @ var2[40]
|--  -0.29629736895964204 @ var1[44] @ var2[44]
0.5201916226922181 @ var1[39] + 0.11158300979555187 @ var1[39] @ var2[39] / 0.001 + 0.5431470893714215 @ var1[40] + 0.07218307297383841 @ var1[40] @ var2[40] / 0.001 + -0.5458360221716422 @ var1[44] + 0.06402763818353492 @ var1[44] @ var2[44] / 0.001 == 0.0 , because the following subexpressions are not:
|--  0.11158300979555187 @ var1[39] @ var2[39]
|--  0.07218307297383841 @ var1[40] @ var2[40]
|--  0.06402763818353492 @ var1[44] @ var2[44]
0.7219790979659755 @ var1[26] + -0.3459574331114439 @ var1[26] @ var2[26] / 0.001 + 0.9885192206583312 @ var1[28] + -0.07554758498629455 @ var1[28] @ var2[28] / 0.001 + 0.9877756361518804 @ var1[32] + 0.077941151878754 @ var1[32] @ var2[32] / 0.001 + 0.9962562345887958 @ var1[45] + -0.0432247470870403 @ var1[45] @ var2[45] / 0.001 + 0.9835772828124694 @ var1[46] + -0.09024373764317377 @ var1[46] @ var2[46] / 0.001 + 0.8717049389914818 @ var1[47] + 0.24501556039252742 @ var1[47] @ var2[47] / 0.001 + 0.6211995990038282 @ var1[48] + 0.391826191760289 @ var1[48] @ var2[48] / 0.001 == 0.0 , because the following subexpressions are not:
|--  -0.3459574331114439 @ var1[26] @ var2[26]
|--  -0.07554758498629455 @ var1[28] @ var2[28]
|--  0.077941151878754 @ var1[32] @ var2[32]
|--  -0.0432247470870403 @ var1[45] @ var2[45]
|--  -0.09024373764317377 @ var1[46] @ var2[46]
|--  0.24501556039252742 @ var1[47] @ var2[47]
|--  0.391826191760289 @ var1[48] @ var2[48]
-10.637717249115354 + -0.6919148662228878 @ var1[26] + -0.36098954898298774 @ var1[26] @ var2[26] / 0.001 + -0.1510951699725891 @ var1[28] + -0.4942596103291656 @ var1[28] @ var2[28] / 0.001 + 0.155882303757508 @ var1[32] + -0.4938878180759402 @ var1[32] @ var2[32] / 0.001 + -0.0864494941740806 @ var1[45] + -0.4981281172943979 @ var1[45] @ var2[45] / 0.001 + -0.18048747528634754 @ var1[46] + -0.4917886414062347 @ var1[46] @ var2[46] / 0.001 + 0.49003112078505484 @ var1[47] + -0.4358524694957409 @ var1[47] @ var2[47] / 0.001 + 0.783652383520578 @ var1[48] + -0.3105997995019141 @ var1[48] @ var2[48] / 0.001 == 0.0 , because the following subexpressions are not:
|--  -0.36098954898298774 @ var1[26] @ var2[26]
|--  -0.4942596103291656 @ var1[28] @ var2[28]
|--  -0.4938878180759402 @ var1[32] @ var2[32]
|--  -0.4981281172943979 @ var1[45] @ var2[45]
|--  -0.4917886414062347 @ var1[46] @ var2[46]
|--  -0.4358524694957409 @ var1[47] @ var2[47]
|--  -0.3105997995019141 @ var1[48] @ var2[48]
0.5282675753954011 @ var1[26] + 0.09802813575871146 @ var1[26] @ var2[26] / 0.001 + 0.32713085072099185 @ var1[28] + 0.23892943348610193 @ var1[28] @ var2[28] / 0.001 + 0.32041592419521303 @ var1[32] + -0.22085304670231773 @ var1[32] @ var2[32] / 0.001 + 0.2007412703769023 @ var1[45] + -0.24899286130349318 @ var1[45] @ var2[45] / 0.001 + -0.34049474696236637 @ var1[46] + -0.21667351852184885 @ var1[46] @ var2[46] / 0.001 + 0.02162176913722985 @ var1[47] + -0.2719842236347539 @ var1[47] @ var2[47] / 0.001 + -0.5459771076779011 @ var1[48] + 0.07015391996487697 @ var1[48] @ var2[48] / 0.001 == 0.0 , because the following subexpressions are not:
|--  0.09802813575871146 @ var1[26] @ var2[26]
|--  0.23892943348610193 @ var1[28] @ var2[28]
|--  -0.22085304670231773 @ var1[32] @ var2[32]
|--  -0.24899286130349318 @ var1[45] @ var2[45]
|--  -0.21667351852184885 @ var1[46] @ var2[46]
|--  -0.2719842236347539 @ var1[47] @ var2[47]
|--  0.07015391996487697 @ var1[48] @ var2[48]
0.05650222773647887 @ var1[29] + -0.4992012365421421 @ var1[29] @ var2[29] / 0.001 + -0.8517813909199016 @ var1[33] + 0.2619486887171597 @ var1[33] @ var2[33] / 0.001 + -0.9962562345887958 @ var1[45] + 0.0432247470870403 @ var1[45] @ var2[45] / 0.001 + -0.9835772828124694 @ var1[46] + 0.09024373764317377 @ var1[46] @ var2[46] / 0.001 + -0.9729953018490232 @ var1[49] + -0.11541245879423961 @ var1[49] @ var2[49] / 0.001 + 0.6503917405849641 @ var1[50] + -0.37979948123281476 @ var1[50] @ var2[50] / 0.001 + 0.30841234180159194 @ var1[51] + 0.4756263836837844 @ var1[51] @ var2[51] / 0.001 + 0.4013493141561792 @ var1[52] + -0.45796253340922016 @ var1[52] @ var2[52] / 0.001 + 0.21365872007283027 @ var1[53] + 0.4884541819190516 @ var1[53] @ var2[53] / 0.001 + -0.9797423217773908 @ var1[54] + -0.10013114265582848 @ var1[54] @ var2[54] / 0.001 == 0.0 , because the following subexpressions are not:
|--  -0.4992012365421421 @ var1[29] @ var2[29]
|--  0.2619486887171597 @ var1[33] @ var2[33]
|--  0.0432247470870403 @ var1[45] @ var2[45]
|--  0.09024373764317377 @ var1[46] @ var2[46]
|--  -0.11541245879423961 @ var1[49] @ var2[49]
|--  -0.37979948123281476 @ var1[50] @ var2[50]
|--  0.4756263836837844 @ var1[51] @ var2[51]
|--  -0.45796253340922016 @ var1[52] @ var2[52]
|--  0.4884541819190516 @ var1[53] @ var2[53]
|--  -0.10013114265582848 @ var1[54] @ var2[54]
-9.467298108957525 + -0.9984024730842842 @ var1[29] + -0.028251113868239437 @ var1[29] @ var2[29] / 0.001 + 0.5238973774343194 @ var1[33] + 0.4258906954599508 @ var1[33] @ var2[33] / 0.001 + 0.0864494941740806 @ var1[45] + 0.4981281172943979 @ var1[45] @ var2[45] / 0.001 + 0.18048747528634754 @ var1[46] + 0.4917886414062347 @ var1[46] @ var2[46] / 0.001 + -0.23082491758847923 @ var1[49] + 0.4864976509245116 @ var1[49] @ var2[49] / 0.001 + -0.7595989624656295 @ var1[50] + -0.32519587029248204 @ var1[50] @ var2[50] / 0.001 + 0.9512527673675688 @ var1[51] + -0.15420617090079597 @ var1[51] @ var2[51] / 0.001 + -0.9159250668184403 @ var1[52] + -0.2006746570780896 @ var1[52] @ var2[52] / 0.001 + 0.9769083638381032 @ var1[53] + -0.10682936003641513 @ var1[53] @ var2[53] / 0.001 + -0.20026228531165696 @ var1[54] + 0.4898711608886954 @ var1[54] @ var2[54] / 0.001 == 0.0 , because the following subexpressions are not:
|--  -0.028251113868239437 @ var1[29] @ var2[29]
|--  0.4258906954599508 @ var1[33] @ var2[33]
|--  0.4981281172943979 @ var1[45] @ var2[45]
|--  0.4917886414062347 @ var1[46] @ var2[46]
|--  0.4864976509245116 @ var1[49] @ var2[49]
|--  -0.32519587029248204 @ var1[50] @ var2[50]
|--  -0.15420617090079597 @ var1[51] @ var2[51]
|--  -0.2006746570780896 @ var1[52] @ var2[52]
|--  -0.10682936003641513 @ var1[53] @ var2[53]
|--  0.4898711608886954 @ var1[54] @ var2[54]
0.5228589602238317 @ var1[29] + -0.08885821730841705 @ var1[29] @ var2[29] / 0.001 + -0.46099566912716494 @ var1[33] + -0.15370594689484465 @ var1[33] @ var2[33] / 0.001 + -0.2703234379378642 @ var1[45] + -0.23278299409506528 @ var1[45] @ var2[45] / 0.001 + 0.17989846307729623 @ var1[46] + -0.2596358376283424 @ var1[46] @ var2[46] / 0.001 + -0.37778400247246086 @ var1[49] + 0.2143402480699628 @ var1[49] @ var2[49] / 0.001 + -0.5356858466004703 @ var1[50] + -0.07729810518376978 @ var1[50] @ var2[50] / 0.001 + -0.5483570863359787 @ var1[51] + -0.04960653458873812 @ var1[51] @ var2[51] / 0.001 + -0.5590094922040079 @ var1[52] + 0.007118419985477048 @ var1[52] @ var2[52] / 0.001 + -0.5350622964892887 @ var1[53] + -0.06933398429508239 @ var1[53] @ var2[53] / 0.001 + 0.12010833657062447 @ var1[54] + 0.2762914576637723 @ var1[54] @ var2[54] / 0.001 == 0.0 , because the following subexpressions are not:
|--  -0.08885821730841705 @ var1[29] @ var2[29]
|--  -0.15370594689484465 @ var1[33] @ var2[33]
|--  -0.23278299409506528 @ var1[45] @ var2[45]
|--  -0.2596358376283424 @ var1[46] @ var2[46]
|--  0.2143402480699628 @ var1[49] @ var2[49]
|--  -0.07729810518376978 @ var1[50] @ var2[50]
|--  -0.04960653458873812 @ var1[51] @ var2[51]
|--  0.007118419985477048 @ var1[52] @ var2[52]
|--  -0.06933398429508239 @ var1[53] @ var2[53]
|--  0.2762914576637723 @ var1[54] @ var2[54]
0.3319979008780274 @ var1[34] + -0.4716400623920172 @ var1[34] @ var2[34] / 0.001 + 0.5772334699667827 @ var1[37] + 0.4082895789602361 @ var1[37] @ var2[37] / 0.001 + 0.3097341540182674 @ var1[41] + -0.47541159899464697 @ var1[41] @ var2[41] / 0.001 + 0.9729953018490232 @ var1[49] + 0.11541245879423961 @ var1[49] @ var2[49] / 0.001 + -0.6503917405849641 @ var1[50] + 0.37979948123281476 @ var1[50] @ var2[50] / 0.001 + 0.948692722997591 @ var1[55] + -0.15809974488548065 @ var1[55] @ var2[55] / 0.001 + -0.8896352350900074 @ var1[56] + -0.22833590852423286 @ var1[56] @ var2[56] / 0.001 + 0.17736587358167888 @ var1[57] + -0.4920724913284139 @ var1[57] @ var2[57] / 0.001 + -0.9661665490046121 @ var1[58] + 0.12895948936053378 @ var1[58] @ var2[58] / 0.001 + -0.6708040995677712 @ var1[59] + 0.37081729328709556 @ var1[59] @ var2[59] / 0.001 == 0.0 , because the following subexpressions are not:
|--  -0.4716400623920172 @ var1[34] @ var2[34]
|--  0.4082895789602361 @ var1[37] @ var2[37]
|--  -0.47541159899464697 @ var1[41] @ var2[41]
|--  0.11541245879423961 @ var1[49] @ var2[49]
|--  0.37979948123281476 @ var1[50] @ var2[50]
|--  -0.15809974488548065 @ var1[55] @ var2[55]
|--  -0.22833590852423286 @ var1[56] @ var2[56]
|--  -0.4920724913284139 @ var1[57] @ var2[57]
|--  0.12895948936053378 @ var1[58] @ var2[58]
|--  0.37081729328709556 @ var1[59] @ var2[59]
-9.528950026972822 + -0.9432801247840344 @ var1[34] + -0.1659989504390137 @ var1[34] @ var2[34] / 0.001 + 0.8165791579204722 @ var1[37] + -0.28861673498339135 @ var1[37] @ var2[37] / 0.001 + -0.9508231979892939 @ var1[41] + -0.1548670770091337 @ var1[41] @ var2[41] / 0.001 + 0.23082491758847923 @ var1[49] + -0.4864976509245116 @ var1[49] @ var2[49] / 0.001 + 0.7595989624656295 @ var1[50] + 0.32519587029248204 @ var1[50] @ var2[50] / 0.001 + -0.3161994897709613 @ var1[55] + -0.4743463614987955 @ var1[55] @ var2[55] / 0.001 + -0.4566718170484657 @ var1[56] + 0.4448176175450037 @ var1[56] @ var2[56] / 0.001 + -0.9841449826568278 @ var1[57] + -0.08868293679083944 @ var1[57] @ var2[57] / 0.001 + 0.25791897872106756 @ var1[58] + 0.48308327450230604 @ var1[58] @ var2[58] / 0.001 + 0.7416345865741911 @ var1[59] + 0.3354020497838856 @ var1[59] @ var2[59] / 0.001 == 0.0 , because the following subexpressions are not:
|--  -0.1659989504390137 @ var1[34] @ var2[34]
|--  -0.28861673498339135 @ var1[37] @ var2[37]
|--  -0.1548670770091337 @ var1[41] @ var2[41]
|--  -0.4864976509245116 @ var1[49] @ var2[49]
|--  0.32519587029248204 @ var1[50] @ var2[50]
|--  -0.4743463614987955 @ var1[55] @ var2[55]
|--  0.4448176175450037 @ var1[56] @ var2[56]
|--  -0.08868293679083944 @ var1[57] @ var2[57]
|--  0.48308327450230604 @ var1[58] @ var2[58]
|--  0.3354020497838856 @ var1[59] @ var2[59]
0.5520450022742477 @ var1[34] + -0.03155163270108573 @ var1[34] @ var2[34] / 0.001 + 0.5495229720372661 @ var1[37] + -0.04803837500908685 @ var1[37] @ var2[37] / 0.001 + -0.4106660543461561 @ var1[41] + -0.1829027148676976 @ var1[41] @ var2[41] / 0.001 + 0.14565409830328208 @ var1[49] + 0.2781729345140094 @ var1[49] @ var2[49] / 0.001 + -0.23401426867601471 @ var1[50] + -0.2512300385988179 @ var1[50] @ var2[50] / 0.001 + 0.06084177957406778 @ var1[55] + -0.27233810604223774 @ var1[55] @ var2[55] / 0.001 + 0.012448745486150936 @ var1[56] + 0.28322575273604217 @ var1[56] @ var2[56] / 0.001 + 0.45849061021386567 @ var1[57] + 0.16317464937237355 @ var1[57] @ var2[57] / 0.001 + 0.09452411218751844 @ var1[58] + -0.27037014849568747 @ var1[58] @ var2[58] / 0.001 + 0.543157318160777 @ var1[59] + 0.07479291434394353 @ var1[59] @ var2[59] / 0.001 == 0.0 , because the following subexpressions are not:
|--  -0.03155163270108573 @ var1[34] @ var2[34]
|--  -0.04803837500908685 @ var1[37] @ var2[37]
|--  -0.1829027148676976 @ var1[41] @ var2[41]
|--  0.2781729345140094 @ var1[49] @ var2[49]
|--  -0.2512300385988179 @ var1[50] @ var2[50]
|--  -0.27233810604223774 @ var1[55] @ var2[55]
|--  0.28322575273604217 @ var1[56] @ var2[56]
|--  0.16317464937237355 @ var1[57] @ var2[57]
|--  -0.27037014849568747 @ var1[58] @ var2[58]
|--  0.07479291434394353 @ var1[59] @ var2[59]
-0.6054136228364745 @ var1[38] + 0.3979555079666617 @ var1[38] @ var2[38] / 0.001 + -0.34261922889895724 @ var1[42] + -0.4697371775761112 @ var1[42] @ var2[42] / 0.001 + -0.55855363750475 @ var1[43] + -0.41473420223988405 @ var1[43] @ var2[43] / 0.001 + -0.5925947379192841 @ var1[44] + -0.40275038069205316 @ var1[44] @ var2[44] / 0.001 + -0.948692722997591 @ var1[55] + 0.15809974488548065 @ var1[55] @ var2[55] / 0.001 + 0.8896352350900074 @ var1[56] + 0.22833590852423286 @ var1[56] @ var2[56] / 0.001 + -0.6023618191193352 @ var1[60] + 0.3991115880512759 @ var1[60] @ var2[60] / 0.001 + -0.288093300900124 @ var1[61] + 0.47880117219375906 @ var1[61] @ var2[61] / 0.001 == 0.0 , because the following subexpressions are not:
|--  0.3979555079666617 @ var1[38] @ var2[38]
|--  -0.4697371775761112 @ var1[42] @ var2[42]
|--  -0.41473420223988405 @ var1[43] @ var2[43]
|--  -0.40275038069205316 @ var1[44] @ var2[44]
|--  0.15809974488548065 @ var1[55] @ var2[55]
|--  0.22833590852423286 @ var1[56] @ var2[56]
|--  0.3991115880512759 @ var1[60] @ var2[60]
|--  0.47880117219375906 @ var1[61] @ var2[61]
-10.402910476239425 + 0.7959110159333234 @ var1[38] + 0.30270681141823724 @ var1[38] @ var2[38] / 0.001 + -0.9394743551522224 @ var1[42] + 0.17130961444947862 @ var1[42] @ var2[42] / 0.001 + -0.8294684044797681 @ var1[43] + 0.279276818752375 @ var1[43] @ var2[43] / 0.001 + -0.8055007613841063 @ var1[44] + 0.29629736895964204 @ var1[44] @ var2[44] / 0.001 + 0.3161994897709613 @ var1[55] + 0.4743463614987955 @ var1[55] @ var2[55] / 0.001 + 0.4566718170484657 @ var1[56] + -0.4448176175450037 @ var1[56] @ var2[56] / 0.001 + 0.7982231761025518 @ var1[60] + 0.3011809095596676 @ var1[60] @ var2[60] / 0.001 + 0.9576023443875181 @ var1[61] + 0.144046650450062 @ var1[61] @ var2[61] / 0.001 == 0.0 , because the following subexpressions are not:
|--  0.30270681141823724 @ var1[38] @ var2[38]
|--  0.17130961444947862 @ var1[42] @ var2[42]
|--  0.279276818752375 @ var1[43] @ var2[43]
|--  0.29629736895964204 @ var1[44] @ var2[44]
|--  0.4743463614987955 @ var1[55] @ var2[55]
|--  -0.4448176175450037 @ var1[56] @ var2[56]
|--  0.3011809095596676 @ var1[60] @ var2[60]
|--  0.144046650450062 @ var1[61] @ var2[61]
-0.5452309660477144 @ var1[38] + -0.05616146089363036 @ var1[38] @ var2[38] / 0.001 + -0.5527522164068006 @ var1[42] + -0.03222104531947627 @ var1[42] @ var2[42] / 0.001 + 0.2923889134091226 @ var1[43] + -0.23260458022147243 @ var1[43] @ var2[43] / 0.001 + -0.5539516444276072 @ var1[44] + 0.04123082936354171 @ var1[44] @ var2[44] / 0.001 + -0.38082704032360604 @ var1[55] + -0.19910596163770142 @ var1[55] @ var2[55] / 0.001 + -0.4623244409329342 @ var1[56] + 0.16091399485069746 @ var1[56] @ var2[56] / 0.001 + 0.5456993730122677 @ var1[60] + 0.06493639075372537 @ var1[60] @ var2[60] / 0.001 + -0.3927499320222257 @ var1[61] + -0.1903682964154143 @ var1[61] @ var2[61] / 0.001 == 0.0 , because the following subexpressions are not:
|--  -0.05616146089363036 @ var1[38] @ var2[38]
|--  -0.03222104531947627 @ var1[42] @ var2[42]
|--  -0.23260458022147243 @ var1[43] @ var2[43]
|--  0.04123082936354171 @ var1[44] @ var2[44]
|--  -0.19910596163770142 @ var1[55] @ var2[55]
|--  0.16091399485069746 @ var1[56] @ var2[56]
|--  0.06493639075372537 @ var1[60] @ var2[60]
|--  -0.1903682964154143 @ var1[61] @ var2[61]
-0.8717049389914818 @ var1[47] + -0.24501556039252742 @ var1[47] @ var2[47] / 0.001 + -0.6211995990038282 @ var1[48] + -0.391826191760289 @ var1[48] @ var2[48] / 0.001 + -0.30841234180159194 @ var1[51] + -0.4756263836837844 @ var1[51] @ var2[51] / 0.001 + 0.14798944215159196 @ var1[62] + 0.49449447039670236 @ var1[62] @ var2[62] / 0.001 + 0.030512937991372387 @ var1[63] + 0.49976718595140246 @ var1[63] @ var2[63] / 0.001 == 0.0 , because the following subexpressions are not:
|--  -0.24501556039252742 @ var1[47] @ var2[47]
|--  -0.391826191760289 @ var1[48] @ var2[48]
|--  -0.4756263836837844 @ var1[51] @ var2[51]
|--  0.49449447039670236 @ var1[62] @ var2[62]
|--  0.49976718595140246 @ var1[63] @ var2[63]
-9.218880167170047 + -0.49003112078505484 @ var1[47] + 0.4358524694957409 @ var1[47] @ var2[47] / 0.001 + -0.783652383520578 @ var1[48] + 0.3105997995019141 @ var1[48] @ var2[48] / 0.001 + -0.9512527673675688 @ var1[51] + 0.15420617090079597 @ var1[51] @ var2[51] / 0.001 + 0.9889889407934047 @ var1[62] + -0.07399472107579598 @ var1[62] @ var2[62] / 0.001 + 0.9995343719028049 @ var1[63] + -0.015256468995686194 @ var1[63] @ var2[63] / 0.001 == 0.0 , because the following subexpressions are not:
|--  0.4358524694957409 @ var1[47] @ var2[47]
|--  0.3105997995019141 @ var1[48] @ var2[48]
|--  0.15420617090079597 @ var1[51] @ var2[51]
|--  -0.07399472107579598 @ var1[62] @ var2[62]
|--  -0.015256468995686194 @ var1[63] @ var2[63]
-0.4542406544304886 @ var1[47] + 0.17023030589115284 @ var1[47] @ var2[47] / 0.001 + 0.22265079878041438 @ var1[48] + -0.24624667747622014 @ var1[48] @ var2[48] / 0.001 + -0.5548005241948704 @ var1[51] + -0.029547326829344203 @ var1[51] @ var2[51] / 0.001 + 0.5360110060761002 @ var1[62] + 0.08629166686175616 @ var1[62] @ var2[62] / 0.001 + 0.4847391750107048 @ var1[63] + -0.13238049600617474 @ var1[63] @ var2[63] / 0.001 == 0.0 , because the following subexpressions are not:
|--  0.17023030589115284 @ var1[47] @ var2[47]
|--  -0.24624667747622014 @ var1[48] @ var2[48]
|--  -0.029547326829344203 @ var1[51] @ var2[51]
|--  0.08629166686175616 @ var1[62] @ var2[62]
|--  -0.13238049600617474 @ var1[63] @ var2[63]
-0.4013493141561792 @ var1[52] + 0.45796253340922016 @ var1[52] @ var2[52] / 0.001 + -0.21365872007283027 @ var1[53] + -0.4884541819190516 @ var1[53] @ var2[53] / 0.001 + -0.17736587358167888 @ var1[57] + 0.4920724913284139 @ var1[57] @ var2[57] / 0.001 + -0.14798944215159196 @ var1[62] + -0.49449447039670236 @ var1[62] @ var2[62] / 0.001 + -0.030512937991372387 @ var1[63] + -0.49976718595140246 @ var1[63] @ var2[63] / 0.001 + -0.7729460061101631 @ var1[64] + 0.31723590261757406 @ var1[64] @ var2[64] / 0.001 + -0.9093865385850646 @ var1[65] + 0.2079760343406631 @ var1[65] @ var2[65] / 0.001 + -0.5671847337285215 @ var1[66] + 0.4117953004301124 @ var1[66] @ var2[66] / 0.001 + -0.5428236685985062 @ var1[67] + 0.4199233456266926 @ var1[67] @ var2[67] / 0.001 + -0.8072540166066211 @ var1[68] + 0.2951020809281414 @ var1[68] @ var2[68] / 0.001 == 0.0 , because the following subexpressions are not:
|--  0.45796253340922016 @ var1[52] @ var2[52]
|--  -0.4884541819190516 @ var1[53] @ var2[53]
|--  0.4920724913284139 @ var1[57] @ var2[57]
|--  -0.49449447039670236 @ var1[62] @ var2[62]
|--  -0.49976718595140246 @ var1[63] @ var2[63]
|--  0.31723590261757406 @ var1[64] @ var2[64]
|--  0.2079760343406631 @ var1[65] @ var2[65]
|--  0.4117953004301124 @ var1[66] @ var2[66]
|--  0.4199233456266926 @ var1[67] @ var2[67]
|--  0.2951020809281414 @ var1[68] @ var2[68]
-10.259312063696418 + 0.9159250668184403 @ var1[52] + 0.2006746570780896 @ var1[52] @ var2[52] / 0.001 + -0.9769083638381032 @ var1[53] + 0.10682936003641513 @ var1[53] @ var2[53] / 0.001 + 0.9841449826568278 @ var1[57] + 0.08868293679083944 @ var1[57] @ var2[57] / 0.001 + -0.9889889407934047 @ var1[62] + 0.07399472107579598 @ var1[62] @ var2[62] / 0.001 + -0.9995343719028049 @ var1[63] + 0.015256468995686194 @ var1[63] @ var2[63] / 0.001 + 0.6344718052351481 @ var1[64] + 0.38647300305508153 @ var1[64] @ var2[64] / 0.001 + 0.4159520686813262 @ var1[65] + 0.4546932692925323 @ var1[65] @ var2[65] / 0.001 + 0.8235906008602248 @ var1[66] + 0.28359236686426076 @ var1[66] @ var2[66] / 0.001 + 0.8398466912533852 @ var1[67] + 0.2714118342992531 @ var1[67] @ var2[67] / 0.001 + 0.5902041618562828 @ var1[68] + 0.40362700830331055 @ var1[68] @ var2[68] / 0.001 == 0.0 , because the following subexpressions are not:
|--  0.2006746570780896 @ var1[52] @ var2[52]
|--  0.10682936003641513 @ var1[53] @ var2[53]
|--  0.08868293679083944 @ var1[57] @ var2[57]
|--  0.07399472107579598 @ var1[62] @ var2[62]
|--  0.015256468995686194 @ var1[63] @ var2[63]
|--  0.38647300305508153 @ var1[64] @ var2[64]
|--  0.4546932692925323 @ var1[65] @ var2[65]
|--  0.28359236686426076 @ var1[66] @ var2[66]
|--  0.2714118342992531 @ var1[67] @ var2[67]
|--  0.40362700830331055 @ var1[68] @ var2[68]
0.3664358082419421 @ var1[52] + 0.21675374499551586 @ var1[52] @ var2[52] / 0.001 + 0.42768508598456595 @ var1[53] + -0.16837894311529938 @ var1[53] @ var2[53] / 0.001 + 0.4545586527067748 @ var1[57] + 0.16595674868940144 @ var1[57] @ var2[57] / 0.001 + 0.45075458004919255 @ var1[62] + -0.15838669875754052 @ var1[62] @ var2[62] / 0.001 + 0.512139955412716 @ var1[63] + 0.11887960914962259 @ var1[63] @ var2[63] / 0.001 + 0.13524767496528814 @ var1[64] + 0.2783455065082786 @ var1[64] @ var2[64] / 0.001 + 0.4424836134392014 @ var1[65] + 0.18167089411893628 @ var1[65] @ var2[65] / 0.001 + 0.5550801049524711 @ var1[66] + 0.0432974966283458 @ var1[66] @ var2[66] / 0.001 + -0.29411347676590427 @ var1[67] + -0.22703218908601153 @ var1[67] @ var2[67] / 0.001 + 0.5021060155675318 @ var1[68] + 0.13259560730998776 @ var1[68] @ var2[68] / 0.001 == 0.0 , because the following subexpressions are not:
|--  0.21675374499551586 @ var1[52] @ var2[52]
|--  -0.16837894311529938 @ var1[53] @ var2[53]
|--  0.16595674868940144 @ var1[57] @ var2[57]
|--  -0.15838669875754052 @ var1[62] @ var2[62]
|--  0.11887960914962259 @ var1[63] @ var2[63]
|--  0.2783455065082786 @ var1[64] @ var2[64]
|--  0.18167089411893628 @ var1[65] @ var2[65]
|--  0.0432974966283458 @ var1[66] @ var2[66]
|--  -0.22703218908601153 @ var1[67] @ var2[67]
|--  0.13259560730998776 @ var1[68] @ var2[68]
0.9797423217773908 @ var1[54] + 0.10013114265582848 @ var1[54] @ var2[54] / 0.001 + 0.9661665490046121 @ var1[58] + -0.12895948936053378 @ var1[58] @ var2[58] / 0.001 + 0.7729460061101631 @ var1[64] + -0.31723590261757406 @ var1[64] @ var2[64] / 0.001 + 0.9093865385850646 @ var1[65] + -0.2079760343406631 @ var1[65] @ var2[65] / 0.001 + -0.11628589275576978 @ var1[69] + -0.4966078913856468 @ var1[69] @ var2[69] / 0.001 + -0.16680209605606947 @ var1[70] + -0.4929951979358678 @ var1[70] @ var2[70] / 0.001 + 0.726965473975249 @ var1[71] + 0.34333700632466835 @ var1[71] @ var2[71] / 0.001 + 0.29006485238927443 @ var1[72] + 0.4785034956529546 @ var1[72] @ var2[72] / 0.001 + 0.8559302977433041 @ var1[73] + 0.25854560787463543 @ var1[73] @ var2[73] / 0.001 == 0.0 , because the following subexpressions are not:
|--  0.10013114265582848 @ var1[54] @ var2[54]
|--  -0.12895948936053378 @ var1[58] @ var2[58]
|--  -0.31723590261757406 @ var1[64] @ var2[64]
|--  -0.2079760343406631 @ var1[65] @ var2[65]
|--  -0.4966078913856468 @ var1[69] @ var2[69]
|--  -0.4929951979358678 @ var1[70] @ var2[70]
|--  0.34333700632466835 @ var1[71] @ var2[71]
|--  0.4785034956529546 @ var1[72] @ var2[72]
|--  0.25854560787463543 @ var1[73] @ var2[73]
-9.056335094788304 + 0.20026228531165696 @ var1[54] + -0.4898711608886954 @ var1[54] @ var2[54] / 0.001 + -0.25791897872106756 @ var1[58] + -0.48308327450230604 @ var1[58] @ var2[58] / 0.001 + -0.6344718052351481 @ var1[64] + -0.38647300305508153 @ var1[64] @ var2[64] / 0.001 + -0.4159520686813262 @ var1[65] + -0.4546932692925323 @ var1[65] @ var2[65] / 0.001 + -0.9932157827712936 @ var1[69] + 0.05814294637788489 @ var1[69] @ var2[69] / 0.001 + -0.9859903958717356 @ var1[70] + 0.08340104802803473 @ var1[70] @ var2[70] / 0.001 + 0.6866740126493367 @ var1[71] + -0.3634827369876245 @ var1[71] @ var2[71] / 0.001 + 0.9570069913059092 @ var1[72] + -0.14503242619463722 @ var1[72] @ var2[72] / 0.001 + 0.5170912157492709 @ var1[73] + -0.42796514887165205 @ var1[73] @ var2[73] / 0.001 == 0.0 , because the following subexpressions are not:
|--  -0.4898711608886954 @ var1[54] @ var2[54]
|--  -0.48308327450230604 @ var1[58] @ var2[58]
|--  -0.38647300305508153 @ var1[64] @ var2[64]
|--  -0.4546932692925323 @ var1[65] @ var2[65]
|--  0.05814294637788489 @ var1[69] @ var2[69]
|--  0.08340104802803473 @ var1[70] @ var2[70]
|--  -0.3634827369876245 @ var1[71] @ var2[71]
|--  -0.14503242619463722 @ var1[72] @ var2[72]
|--  -0.42796514887165205 @ var1[73] @ var2[73]
0.13714823438791704 @ var1[54] + 0.2742767267542537 @ var1[54] @ var2[54] / 0.001 + 0.3645395411713932 @ var1[58] + 0.21701624876243245 @ var1[58] @ var2[58] / 0.001 + 0.5071964540039142 @ var1[64] + 0.12466921766890204 @ var1[64] @ var2[64] / 0.001 + -0.02727565107547375 @ var1[65] + 0.29003353623210315 @ var1[65] @ var2[65] / 0.001 + -0.5229353735468041 @ var1[69] + -0.09211389956879801 @ var1[69] @ var2[69] / 0.001 + -0.4559185136934246 @ var1[70] + 0.16845976268904234 @ var1[70] @ var2[70] / 0.001 + -0.5277405221236411 @ var1[71] + 0.09781893059222675 @ var1[71] @ var2[71] / 0.001 + 0.41138537612418813 @ var1[72] + -0.1817342858823282 @ var1[72] @ var2[72] / 0.001 + -0.47670823399784323 @ var1[73] + 0.14835227526457587 @ var1[73] @ var2[73] / 0.001 == 0.0 , because the following subexpressions are not:
|--  0.2742767267542537 @ var1[54] @ var2[54]
|--  0.21701624876243245 @ var1[58] @ var2[58]
|--  0.12466921766890204 @ var1[64] @ var2[64]
|--  0.29003353623210315 @ var1[65] @ var2[65]
|--  -0.09211389956879801 @ var1[69] @ var2[69]
|--  0.16845976268904234 @ var1[70] @ var2[70]
|--  0.09781893059222675 @ var1[71] @ var2[71]
|--  -0.1817342858823282 @ var1[72] @ var2[72]
|--  0.14835227526457587 @ var1[73] @ var2[73]
0.6708040995677712 @ var1[59] + -0.37081729328709556 @ var1[59] @ var2[59] / 0.001 + 0.6023618191193352 @ var1[60] + -0.3991115880512759 @ var1[60] @ var2[60] / 0.001 + 0.288093300900124 @ var1[61] + -0.47880117219375906 @ var1[61] @ var2[61] / 0.001 + 0.11628589275576978 @ var1[69] + 0.4966078913856468 @ var1[69] @ var2[69] / 0.001 + 0.16680209605606947 @ var1[70] + 0.4929951979358678 @ var1[70] @ var2[70] / 0.001 == 0.0 , because the following subexpressions are not:
|--  -0.37081729328709556 @ var1[59] @ var2[59]
|--  -0.3991115880512759 @ var1[60] @ var2[60]
|--  -0.47880117219375906 @ var1[61] @ var2[61]
|--  0.4966078913856468 @ var1[69] @ var2[69]
|--  0.4929951979358678 @ var1[70] @ var2[70]
-8.953701483261177 + -0.7416345865741911 @ var1[59] + -0.3354020497838856 @ var1[59] @ var2[59] / 0.001 + -0.7982231761025518 @ var1[60] + -0.3011809095596676 @ var1[60] @ var2[60] / 0.001 + -0.9576023443875181 @ var1[61] + -0.144046650450062 @ var1[61] @ var2[61] / 0.001 + 0.9932157827712936 @ var1[69] + -0.05814294637788489 @ var1[69] @ var2[69] / 0.001 + 0.9859903958717356 @ var1[70] + -0.08340104802803473 @ var1[70] @ var2[70] / 0.001 == 0.0 , because the following subexpressions are not:
|--  -0.3354020497838856 @ var1[59] @ var2[59]
|--  -0.3011809095596676 @ var1[60] @ var2[60]
|--  -0.144046650450062 @ var1[61] @ var2[61]
|--  -0.05814294637788489 @ var1[69] @ var2[69]
|--  -0.08340104802803473 @ var1[70] @ var2[70]
0.5359050268789437 @ var1[59] + 0.08822568485443374 @ var1[59] @ var2[59] / 0.001 + -0.24001844820527846 @ var1[60] + -0.2481442527232648 @ var1[60] @ var2[60] / 0.001 + 0.5523581208850393 @ var1[61] + -0.03447972814150052 @ var1[61] @ var2[61] / 0.001 + -0.47265140315574633 @ var1[69] + 0.15592569598069253 @ var1[69] @ var2[69] / 0.001 + -0.5318614109242505 @ var1[70] + -0.079336769145672 @ var1[70] @ var2[70] / 0.001 == 0.0 , because the following subexpressions are not:
|--  0.08822568485443374 @ var1[59] @ var2[59]
|--  -0.2481442527232648 @ var1[60] @ var2[60]
|--  -0.03447972814150052 @ var1[61] @ var2[61]
|--  0.15592569598069253 @ var1[69] @ var2[69]
|--  -0.079336769145672 @ var1[70] @ var2[70]
0.5671847337285215 @ var1[66] + -0.4117953004301124 @ var1[66] @ var2[66] / 0.001 + 0.5428236685985062 @ var1[67] + -0.4199233456266926 @ var1[67] @ var2[67] / 0.001 + -0.726965473975249 @ var1[71] + -0.34333700632466835 @ var1[71] @ var2[71] / 0.001 + -0.6165776147444237 @ var1[74] + -0.3936470643216068 @ var1[74] @ var2[74] / 0.001 + -0.9661232266917106 @ var1[75] + -0.12904060489512376 @ var1[75] @ var2[75] / 0.001 + -0.8602095115306695 @ var1[76] + 0.25497038861021054 @ var1[76] @ var2[76] / 0.001 + -0.8091807628933892 @ var1[77] + 0.2937798891020591 @ var1[77] @ var2[77] / 0.001 + -0.2818198843620092 @ var1[78] + 0.4797336638120635 @ var1[78] @ var2[78] / 0.001 == 0.0 , because the following subexpressions are not:
|--  -0.4117953004301124 @ var1[66] @ var2[66]
|--  -0.4199233456266926 @ var1[67] @ var2[67]
|--  -0.34333700632466835 @ var1[71] @ var2[71]
|--  -0.3936470643216068 @ var1[74] @ var2[74]
|--  -0.12904060489512376 @ var1[75] @ var2[75]
|--  0.25497038861021054 @ var1[76] @ var2[76]
|--  0.2937798891020591 @ var1[77] @ var2[77]
|--  0.4797336638120635 @ var1[78] @ var2[78]
-10.079887758798929 + -0.8235906008602248 @ var1[66] + -0.28359236686426076 @ var1[66] @ var2[66] / 0.001 + -0.8398466912533852 @ var1[67] + -0.2714118342992531 @ var1[67] @ var2[67] / 0.001 + -0.6866740126493367 @ var1[71] + 0.3634827369876245 @ var1[71] @ var2[71] / 0.001 + -0.7872941286432136 @ var1[74] + 0.30828880737221187 @ var1[74] @ var2[74] / 0.001 + -0.2580812097902475 @ var1[75] + 0.4830616133458553 @ var1[75] @ var2[75] / 0.001 + 0.5099407772204211 @ var1[76] + 0.43010475576533475 @ var1[76] @ var2[76] / 0.001 + 0.5875597782041182 @ var1[77] + 0.4045903814466946 @ var1[77] @ var2[77] / 0.001 + 0.959467327624127 @ var1[78] + 0.1409099421810046 @ var1[78] @ var2[78] / 0.001 == 0.0 , because the following subexpressions are not:
|--  -0.28359236686426076 @ var1[66] @ var2[66]
|--  -0.2714118342992531 @ var1[67] @ var2[67]
|--  0.3634827369876245 @ var1[71] @ var2[71]
|--  0.30828880737221187 @ var1[74] @ var2[74]
|--  0.4830616133458553 @ var1[75] @ var2[75]
|--  0.43010475576533475 @ var1[76] @ var2[76]
|--  0.4045903814466946 @ var1[77] @ var2[77]
|--  0.1409099421810046 @ var1[78] @ var2[78]
-0.28116595543881556 @ var1[66] + -0.23139733263390783 @ var1[66] @ var2[66] / 0.001 + 0.5568936178283472 @ var1[67] + 0.03500240494545884 @ var1[67] @ var2[67] / 0.001 + -0.5205361865168264 @ var1[71] + 0.10754649445132057 @ var1[71] @ var2[71] / 0.001 + -0.5450879925491902 @ var1[74] + 0.06536962926540951 @ var1[74] @ var2[74] / 0.001 + 0.1250322656470023 @ var1[75] + 0.2824650830492921 @ var1[75] @ var2[75] / 0.001 + 0.4768465978920845 @ var1[76] + 0.15472492875122704 @ var1[76] @ var2[76] / 0.001 + -0.10412180099231017 @ var1[77] + -0.26517662268406095 @ var1[77] @ var2[77] / 0.001 + 0.5477717026153162 @ var1[78] + -0.053080562223710964 @ var1[78] @ var2[78] / 0.001 == 0.0 , because the following subexpressions are not:
|--  -0.23139733263390783 @ var1[66] @ var2[66]
|--  0.03500240494545884 @ var1[67] @ var2[67]
|--  0.10754649445132057 @ var1[71] @ var2[71]
|--  0.06536962926540951 @ var1[74] @ var2[74]
|--  0.2824650830492921 @ var1[75] @ var2[75]
|--  0.15472492875122704 @ var1[76] @ var2[76]
|--  -0.26517662268406095 @ var1[77] @ var2[77]
|--  -0.053080562223710964 @ var1[78] @ var2[78]
0.8072540166066211 @ var1[68] + -0.2951020809281414 @ var1[68] @ var2[68] / 0.001 + -0.29006485238927443 @ var1[72] + -0.4785034956529546 @ var1[72] @ var2[72] / 0.001 + -0.8559302977433041 @ var1[73] + -0.25854560787463543 @ var1[73] @ var2[73] / 0.001 + 0.6165776147444237 @ var1[74] + 0.3936470643216068 @ var1[74] @ var2[74] / 0.001 + 0.9661232266917106 @ var1[75] + 0.12904060489512376 @ var1[75] @ var2[75] / 0.001 + 0.2815289490666433 @ var1[79] + 0.4797763673935575 @ var1[79] @ var2[79] / 0.001 + 0.7680964365277738 @ var1[80] + 0.32016709082654615 @ var1[80] @ var2[80] / 0.001 + 0.8650933042915275 @ var1[81] + 0.25080548980732387 @ var1[81] @ var2[81] / 0.001 == 0.0 , because the following subexpressions are not:
|--  -0.2951020809281414 @ var1[68] @ var2[68]
|--  -0.4785034956529546 @ var1[72] @ var2[72]
|--  -0.25854560787463543 @ var1[73] @ var2[73]
|--  0.3936470643216068 @ var1[74] @ var2[74]
|--  0.12904060489512376 @ var1[75] @ var2[75]
|--  0.4797763673935575 @ var1[79] @ var2[79]
|--  0.32016709082654615 @ var1[80] @ var2[80]
|--  0.25080548980732387 @ var1[81] @ var2[81]
-10.228386272531516 + -0.5902041618562828 @ var1[68] + -0.40362700830331055 @ var1[68] @ var2[68] / 0.001 + -0.9570069913059092 @ var1[72] + 0.14503242619463722 @ var1[72] @ var2[72] / 0.001 + -0.5170912157492709 @ var1[73] + 0.42796514887165205 @ var1[73] @ var2[73] / 0.001 + 0.7872941286432136 @ var1[74] + -0.30828880737221187 @ var1[74] @ var2[74] / 0.001 + 0.2580812097902475 @ var1[75] + -0.4830616133458553 @ var1[75] @ var2[75] / 0.001 + 0.959552734787115 @ var1[79] + -0.14076447453332164 @ var1[79] @ var2[79] / 0.001 + 0.6403341816530923 @ var1[80] + -0.3840482182638869 @ var1[80] @ var2[80] / 0.001 + 0.5016109796146477 @ var1[81] + -0.43254665214576377 @ var1[81] @ var2[81] / 0.001 == 0.0 , because the following subexpressions are not:
|--  -0.40362700830331055 @ var1[68] @ var2[68]
|--  0.14503242619463722 @ var1[72] @ var2[72]
|--  0.42796514887165205 @ var1[73] @ var2[73]
|--  -0.30828880737221187 @ var1[74] @ var2[74]
|--  -0.4830616133458553 @ var1[75] @ var2[75]
|--  -0.14076447453332164 @ var1[79] @ var2[79]
|--  -0.3840482182638869 @ var1[80] @ var2[80]
|--  -0.43254665214576377 @ var1[81] @ var2[81]
0.4868171608719836 @ var1[68] + 0.1471187336763387 @ var1[68] @ var2[68] / 0.001 + -0.5470377777026124 @ var1[72] + -0.05003800818582374 @ var1[72] @ var2[72] / 0.001 + 0.0657233343339346 @ var1[73] + -0.27520511470135856 @ var1[73] @ var2[73] / 0.001 + -0.2585395212745286 @ var1[74] + 0.2511825648542847 @ var1[74] @ var2[74] / 0.001 + -0.3862210322656635 @ var1[75] + 0.21211018310710505 @ var1[75] @ var2[75] / 0.001 + -0.5459907758521116 @ var1[79] + -0.052584430965417026 @ var1[79] @ var2[79] / 0.001 + 0.14874436948162043 @ var1[80] + -0.25766676219080636 @ var1[80] @ var2[80] / 0.001 + -0.4784220183966513 @ var1[81] + 0.15490908552017318 @ var1[81] @ var2[81] / 0.001 == 0.0 , because the following subexpressions are not:
|--  0.1471187336763387 @ var1[68] @ var2[68]
|--  -0.05003800818582374 @ var1[72] @ var2[72]
|--  -0.27520511470135856 @ var1[73] @ var2[73]
|--  0.2511825648542847 @ var1[74] @ var2[74]
|--  0.21211018310710505 @ var1[75] @ var2[75]
|--  -0.052584430965417026 @ var1[79] @ var2[79]
|--  -0.25766676219080636 @ var1[80] @ var2[80]
|--  0.15490908552017318 @ var1[81] @ var2[81]
0.8602095115306695 @ var1[76] + -0.25497038861021054 @ var1[76] @ var2[76] / 0.001 + 0.8091807628933892 @ var1[77] + -0.2937798891020591 @ var1[77] @ var2[77] / 0.001 + -0.2815289490666433 @ var1[79] + -0.4797763673935575 @ var1[79] @ var2[79] / 0.001 + 0.9628371299898091 @ var1[82] + -0.1350413465507761 @ var1[82] @ var2[82] / 0.001 + -0.803288101691294 @ var1[83] + -0.29779532639096157 @ var1[83] @ var2[83] / 0.001 == 0.0 , because the following subexpressions are not:
|--  -0.25497038861021054 @ var1[76] @ var2[76]
|--  -0.2937798891020591 @ var1[77] @ var2[77]
|--  -0.4797763673935575 @ var1[79] @ var2[79]
|--  -0.1350413465507761 @ var1[82] @ var2[82]
|--  -0.29779532639096157 @ var1[83] @ var2[83]
-9.797826960066935 + -0.5099407772204211 @ var1[76] + -0.43010475576533475 @ var1[76] @ var2[76] / 0.001 + -0.5875597782041182 @ var1[77] + -0.4045903814466946 @ var1[77] @ var2[77] / 0.001 + -0.959552734787115 @ var1[79] + 0.14076447453332164 @ var1[79] @ var2[79] / 0.001 + -0.2700826931015522 @ var1[82] + -0.48141856499490454 @ var1[82] @ var2[82] / 0.001 + -0.5955906527819231 @ var1[83] + 0.401644050845647 @ var1[83] @ var2[83] / 0.001 == 0.0 , because the following subexpressions are not:
|--  -0.43010475576533475 @ var1[76] @ var2[76]
|--  -0.4045903814466946 @ var1[77] @ var2[77]
|--  0.14076447453332164 @ var1[79] @ var2[79]
|--  -0.48141856499490454 @ var1[82] @ var2[82]
|--  0.401644050845647 @ var1[83] @ var2[83]
-0.05501036588182093 @ var1[76] + -0.2693013106051321 @ var1[76] @ var2[76] / 0.001 + 0.5028749554313408 @ var1[77] + 0.1315234169831997 @ var1[77] @ var2[77] / 0.001 + -0.5526422434803706 @ var1[79] + -0.03468760736748501 @ var1[79] @ var2[79] / 0.001 + 0.09075651433738097 @ var1[82] + -0.2686835871734407 @ var1[82] @ var2[82] / 0.001 + -0.08202165458307453 @ var1[83] + 0.27955144016092215 @ var1[83] @ var2[83] / 0.001 == 0.0 , because the following subexpressions are not:
|--  -0.2693013106051321 @ var1[76] @ var2[76]
|--  0.1315234169831997 @ var1[77] @ var2[77]
|--  -0.03468760736748501 @ var1[79] @ var2[79]
|--  -0.2686835871734407 @ var1[82] @ var2[82]
|--  0.27955144016092215 @ var1[83] @ var2[83]
0.2818198843620092 @ var1[78] + -0.4797336638120635 @ var1[78] @ var2[78] / 0.001 + -0.7680964365277738 @ var1[80] + -0.32016709082654615 @ var1[80] @ var2[80] / 0.001 + -0.8650933042915275 @ var1[81] + -0.25080548980732387 @ var1[81] @ var2[81] / 0.001 + -0.9628371299898091 @ var1[82] + 0.1350413465507761 @ var1[82] @ var2[82] / 0.001 + 0.803288101691294 @ var1[83] + 0.29779532639096157 @ var1[83] @ var2[83] / 0.001 == 0.0 , because the following subexpressions are not:
|--  -0.4797336638120635 @ var1[78] @ var2[78]
|--  -0.32016709082654615 @ var1[80] @ var2[80]
|--  -0.25080548980732387 @ var1[81] @ var2[81]
|--  0.1350413465507761 @ var1[82] @ var2[82]
|--  0.29779532639096157 @ var1[83] @ var2[83]
-9.040682979760865 + -0.959467327624127 @ var1[78] + -0.1409099421810046 @ var1[78] @ var2[78] / 0.001 + -0.6403341816530923 @ var1[80] + 0.3840482182638869 @ var1[80] @ var2[80] / 0.001 + -0.5016109796146477 @ var1[81] + 0.43254665214576377 @ var1[81] @ var2[81] / 0.001 + 0.2700826931015522 @ var1[82] + 0.48141856499490454 @ var1[82] @ var2[82] / 0.001 + 0.5955906527819231 @ var1[83] + -0.401644050845647 @ var1[83] @ var2[83] / 0.001 == 0.0 , because the following subexpressions are not:
|--  -0.1409099421810046 @ var1[78] @ var2[78]
|--  0.3840482182638869 @ var1[80] @ var2[80]
|--  0.43254665214576377 @ var1[81] @ var2[81]
|--  0.48141856499490454 @ var1[82] @ var2[82]
|--  -0.401644050845647 @ var1[83] @ var2[83]
0.5542637065121877 @ var1[78] + -0.03367156448794453 @ var1[78] @ var2[78] / 0.001 + -0.522239457337655 @ var1[80] + 0.11147257079394934 @ var1[80] @ var2[80] / 0.001 + 0.06096255575892828 @ var1[81] + -0.26751142130803984 @ var1[81] @ var2[81] / 0.001 + -0.3556921328807971 @ var1[82] + -0.20851206578481113 @ var1[82] @ var2[82] / 0.001 + -0.5100463047633528 @ var1[83] + 0.1174716001961046 @ var1[83] @ var2[83] / 0.001 == 0.0 , because the following subexpressions are not:
|--  -0.03367156448794453 @ var1[78] @ var2[78]
|--  0.11147257079394934 @ var1[80] @ var2[80]
|--  -0.26751142130803984 @ var1[81] @ var2[81]
|--  -0.20851206578481113 @ var1[82] @ var2[82]
|--  0.1174716001961046 @ var1[83] @ var2[83]

